
sketch_feb17a.cpp.elf:     file format elf32-avr


Disassembly of section .text:

00000000 <__vectors>:
   0:	0c 94 5c 00 	jmp	0xb8	; 0xb8 <__ctors_end>
   4:	0c 94 79 00 	jmp	0xf2	; 0xf2 <__bad_interrupt>
   8:	0c 94 79 00 	jmp	0xf2	; 0xf2 <__bad_interrupt>
   c:	0c 94 79 00 	jmp	0xf2	; 0xf2 <__bad_interrupt>
  10:	0c 94 79 00 	jmp	0xf2	; 0xf2 <__bad_interrupt>
  14:	0c 94 79 00 	jmp	0xf2	; 0xf2 <__bad_interrupt>
  18:	0c 94 79 00 	jmp	0xf2	; 0xf2 <__bad_interrupt>
  1c:	0c 94 79 00 	jmp	0xf2	; 0xf2 <__bad_interrupt>
  20:	0c 94 79 00 	jmp	0xf2	; 0xf2 <__bad_interrupt>
  24:	0c 94 79 00 	jmp	0xf2	; 0xf2 <__bad_interrupt>
  28:	0c 94 79 00 	jmp	0xf2	; 0xf2 <__bad_interrupt>
  2c:	0c 94 79 00 	jmp	0xf2	; 0xf2 <__bad_interrupt>
  30:	0c 94 79 00 	jmp	0xf2	; 0xf2 <__bad_interrupt>
  34:	0c 94 79 00 	jmp	0xf2	; 0xf2 <__bad_interrupt>
  38:	0c 94 79 00 	jmp	0xf2	; 0xf2 <__bad_interrupt>
  3c:	0c 94 79 00 	jmp	0xf2	; 0xf2 <__bad_interrupt>
  40:	0c 94 32 01 	jmp	0x264	; 0x264 <__vector_16>
  44:	0c 94 79 00 	jmp	0xf2	; 0xf2 <__bad_interrupt>
  48:	0c 94 79 00 	jmp	0xf2	; 0xf2 <__bad_interrupt>
  4c:	0c 94 79 00 	jmp	0xf2	; 0xf2 <__bad_interrupt>
  50:	0c 94 79 00 	jmp	0xf2	; 0xf2 <__bad_interrupt>
  54:	0c 94 79 00 	jmp	0xf2	; 0xf2 <__bad_interrupt>
  58:	0c 94 79 00 	jmp	0xf2	; 0xf2 <__bad_interrupt>
  5c:	0c 94 79 00 	jmp	0xf2	; 0xf2 <__bad_interrupt>
  60:	0c 94 79 00 	jmp	0xf2	; 0xf2 <__bad_interrupt>
  64:	0c 94 79 00 	jmp	0xf2	; 0xf2 <__bad_interrupt>

00000068 <__trampolines_end>:
  68:	00 00       	nop
  6a:	00 08       	sbc	r0, r0
  6c:	00 02       	muls	r16, r16
  6e:	01 00       	.word	0x0001	; ????
  70:	00 03       	mulsu	r16, r16
  72:	04 07       	cpc	r16, r20
	...

0000007c <digital_pin_to_bit_mask_PGM>:
  7c:	01 02 04 08 10 20 40 80 01 02 04 08 10 20 01 02     ..... @...... ..
  8c:	04 08 10 20                                         ... 

00000090 <digital_pin_to_port_PGM>:
  90:	04 04 04 04 04 04 04 04 02 02 02 02 02 02 03 03     ................
  a0:	03 03 03 03                                         ....

000000a4 <port_to_output_PGM>:
  a4:	00 00 00 00 25 00 28 00 2b 00                       ....%.(.+.

000000ae <port_to_mode_PGM>:
  ae:	00 00 00 00 24 00 27 00 2a 00                       ....$.'.*.

000000b8 <__ctors_end>:
  b8:	11 24       	eor	r1, r1
  ba:	1f be       	out	0x3f, r1	; 63
  bc:	cf ef       	ldi	r28, 0xFF	; 255
  be:	d8 e0       	ldi	r29, 0x08	; 8
  c0:	de bf       	out	0x3e, r29	; 62
  c2:	cd bf       	out	0x3d, r28	; 61

000000c4 <__do_copy_data>:
  c4:	11 e0       	ldi	r17, 0x01	; 1
  c6:	a0 e0       	ldi	r26, 0x00	; 0
  c8:	b1 e0       	ldi	r27, 0x01	; 1
  ca:	ea e2       	ldi	r30, 0x2A	; 42
  cc:	f4 e0       	ldi	r31, 0x04	; 4
  ce:	02 c0       	rjmp	.+4      	; 0xd4 <__do_copy_data+0x10>
  d0:	05 90       	lpm	r0, Z+
  d2:	0d 92       	st	X+, r0
  d4:	a2 30       	cpi	r26, 0x02	; 2
  d6:	b1 07       	cpc	r27, r17
  d8:	d9 f7       	brne	.-10     	; 0xd0 <__do_copy_data+0xc>

000000da <__do_clear_bss>:
  da:	21 e0       	ldi	r18, 0x01	; 1
  dc:	a2 e0       	ldi	r26, 0x02	; 2
  de:	b1 e0       	ldi	r27, 0x01	; 1
  e0:	01 c0       	rjmp	.+2      	; 0xe4 <.do_clear_bss_start>

000000e2 <.do_clear_bss_loop>:
  e2:	1d 92       	st	X+, r1

000000e4 <.do_clear_bss_start>:
  e4:	ab 30       	cpi	r26, 0x0B	; 11
  e6:	b2 07       	cpc	r27, r18
  e8:	e1 f7       	brne	.-8      	; 0xe2 <.do_clear_bss_loop>
  ea:	0e 94 03 02 	call	0x406	; 0x406 <main>
  ee:	0c 94 13 02 	jmp	0x426	; 0x426 <_exit>

000000f2 <__bad_interrupt>:
  f2:	0c 94 00 00 	jmp	0	; 0x0 <__vectors>

000000f6 <setup>:
  f6:	61 e0       	ldi	r22, 0x01	; 1
  f8:	80 91 00 01 	lds	r24, 0x0100
  fc:	0c 94 c3 00 	jmp	0x186	; 0x186 <pinMode>

00000100 <loop>:
 100:	cf 93       	push	r28
 102:	df 93       	push	r29
 104:	c0 e0       	ldi	r28, 0x00	; 0
 106:	d1 e0       	ldi	r29, 0x01	; 1
 108:	61 e0       	ldi	r22, 0x01	; 1
 10a:	88 81       	ld	r24, Y
 10c:	0e 94 fc 00 	call	0x1f8	; 0x1f8 <digitalWrite>
 110:	68 ee       	ldi	r22, 0xE8	; 232
 112:	73 e0       	ldi	r23, 0x03	; 3
 114:	80 e0       	ldi	r24, 0x00	; 0
 116:	90 e0       	ldi	r25, 0x00	; 0
 118:	0e 94 9f 01 	call	0x33e	; 0x33e <delay>
 11c:	60 e0       	ldi	r22, 0x00	; 0
 11e:	88 81       	ld	r24, Y
 120:	0e 94 fc 00 	call	0x1f8	; 0x1f8 <digitalWrite>
 124:	68 ee       	ldi	r22, 0xE8	; 232
 126:	73 e0       	ldi	r23, 0x03	; 3
 128:	80 e0       	ldi	r24, 0x00	; 0
 12a:	90 e0       	ldi	r25, 0x00	; 0
 12c:	df 91       	pop	r29
 12e:	cf 91       	pop	r28
 130:	0c 94 9f 01 	jmp	0x33e	; 0x33e <delay>

00000134 <turnOffPWM>:
 134:	83 30       	cpi	r24, 0x03	; 3
 136:	81 f0       	breq	.+32     	; 0x158 <turnOffPWM+0x24>
 138:	28 f4       	brcc	.+10     	; 0x144 <turnOffPWM+0x10>
 13a:	81 30       	cpi	r24, 0x01	; 1
 13c:	99 f0       	breq	.+38     	; 0x164 <turnOffPWM+0x30>
 13e:	82 30       	cpi	r24, 0x02	; 2
 140:	a1 f0       	breq	.+40     	; 0x16a <turnOffPWM+0x36>
 142:	08 95       	ret
 144:	87 30       	cpi	r24, 0x07	; 7
 146:	a9 f0       	breq	.+42     	; 0x172 <turnOffPWM+0x3e>
 148:	88 30       	cpi	r24, 0x08	; 8
 14a:	b9 f0       	breq	.+46     	; 0x17a <turnOffPWM+0x46>
 14c:	84 30       	cpi	r24, 0x04	; 4
 14e:	d1 f4       	brne	.+52     	; 0x184 <turnOffPWM+0x50>
 150:	80 91 80 00 	lds	r24, 0x0080
 154:	8f 7d       	andi	r24, 0xDF	; 223
 156:	03 c0       	rjmp	.+6      	; 0x15e <turnOffPWM+0x2a>
 158:	80 91 80 00 	lds	r24, 0x0080
 15c:	8f 77       	andi	r24, 0x7F	; 127
 15e:	80 93 80 00 	sts	0x0080, r24
 162:	08 95       	ret
 164:	84 b5       	in	r24, 0x24	; 36
 166:	8f 77       	andi	r24, 0x7F	; 127
 168:	02 c0       	rjmp	.+4      	; 0x16e <turnOffPWM+0x3a>
 16a:	84 b5       	in	r24, 0x24	; 36
 16c:	8f 7d       	andi	r24, 0xDF	; 223
 16e:	84 bd       	out	0x24, r24	; 36
 170:	08 95       	ret
 172:	80 91 b0 00 	lds	r24, 0x00B0
 176:	8f 77       	andi	r24, 0x7F	; 127
 178:	03 c0       	rjmp	.+6      	; 0x180 <turnOffPWM+0x4c>
 17a:	80 91 b0 00 	lds	r24, 0x00B0
 17e:	8f 7d       	andi	r24, 0xDF	; 223
 180:	80 93 b0 00 	sts	0x00B0, r24
 184:	08 95       	ret

00000186 <pinMode>:
 186:	cf 93       	push	r28
 188:	df 93       	push	r29
 18a:	90 e0       	ldi	r25, 0x00	; 0
 18c:	fc 01       	movw	r30, r24
 18e:	e4 58       	subi	r30, 0x84	; 132
 190:	ff 4f       	sbci	r31, 0xFF	; 255
 192:	24 91       	lpm	r18, Z
 194:	fc 01       	movw	r30, r24
 196:	e0 57       	subi	r30, 0x70	; 112
 198:	ff 4f       	sbci	r31, 0xFF	; 255
 19a:	84 91       	lpm	r24, Z
 19c:	88 23       	and	r24, r24
 19e:	49 f1       	breq	.+82     	; 0x1f2 <pinMode+0x6c>
 1a0:	90 e0       	ldi	r25, 0x00	; 0
 1a2:	88 0f       	add	r24, r24
 1a4:	99 1f       	adc	r25, r25
 1a6:	fc 01       	movw	r30, r24
 1a8:	e2 55       	subi	r30, 0x52	; 82
 1aa:	ff 4f       	sbci	r31, 0xFF	; 255
 1ac:	a5 91       	lpm	r26, Z+
 1ae:	b4 91       	lpm	r27, Z
 1b0:	8c 55       	subi	r24, 0x5C	; 92
 1b2:	9f 4f       	sbci	r25, 0xFF	; 255
 1b4:	fc 01       	movw	r30, r24
 1b6:	c5 91       	lpm	r28, Z+
 1b8:	d4 91       	lpm	r29, Z
 1ba:	9f b7       	in	r25, 0x3f	; 63
 1bc:	61 11       	cpse	r22, r1
 1be:	08 c0       	rjmp	.+16     	; 0x1d0 <pinMode+0x4a>
 1c0:	f8 94       	cli
 1c2:	8c 91       	ld	r24, X
 1c4:	20 95       	com	r18
 1c6:	82 23       	and	r24, r18
 1c8:	8c 93       	st	X, r24
 1ca:	88 81       	ld	r24, Y
 1cc:	82 23       	and	r24, r18
 1ce:	0a c0       	rjmp	.+20     	; 0x1e4 <pinMode+0x5e>
 1d0:	62 30       	cpi	r22, 0x02	; 2
 1d2:	51 f4       	brne	.+20     	; 0x1e8 <pinMode+0x62>
 1d4:	f8 94       	cli
 1d6:	8c 91       	ld	r24, X
 1d8:	32 2f       	mov	r19, r18
 1da:	30 95       	com	r19
 1dc:	83 23       	and	r24, r19
 1de:	8c 93       	st	X, r24
 1e0:	88 81       	ld	r24, Y
 1e2:	82 2b       	or	r24, r18
 1e4:	88 83       	st	Y, r24
 1e6:	04 c0       	rjmp	.+8      	; 0x1f0 <pinMode+0x6a>
 1e8:	f8 94       	cli
 1ea:	8c 91       	ld	r24, X
 1ec:	82 2b       	or	r24, r18
 1ee:	8c 93       	st	X, r24
 1f0:	9f bf       	out	0x3f, r25	; 63
 1f2:	df 91       	pop	r29
 1f4:	cf 91       	pop	r28
 1f6:	08 95       	ret

000001f8 <digitalWrite>:
 1f8:	0f 93       	push	r16
 1fa:	1f 93       	push	r17
 1fc:	cf 93       	push	r28
 1fe:	df 93       	push	r29
 200:	1f 92       	push	r1
 202:	cd b7       	in	r28, 0x3d	; 61
 204:	de b7       	in	r29, 0x3e	; 62
 206:	28 2f       	mov	r18, r24
 208:	30 e0       	ldi	r19, 0x00	; 0
 20a:	f9 01       	movw	r30, r18
 20c:	e8 59       	subi	r30, 0x98	; 152
 20e:	ff 4f       	sbci	r31, 0xFF	; 255
 210:	84 91       	lpm	r24, Z
 212:	f9 01       	movw	r30, r18
 214:	e4 58       	subi	r30, 0x84	; 132
 216:	ff 4f       	sbci	r31, 0xFF	; 255
 218:	14 91       	lpm	r17, Z
 21a:	f9 01       	movw	r30, r18
 21c:	e0 57       	subi	r30, 0x70	; 112
 21e:	ff 4f       	sbci	r31, 0xFF	; 255
 220:	04 91       	lpm	r16, Z
 222:	00 23       	and	r16, r16
 224:	c9 f0       	breq	.+50     	; 0x258 <digitalWrite+0x60>
 226:	88 23       	and	r24, r24
 228:	21 f0       	breq	.+8      	; 0x232 <digitalWrite+0x3a>
 22a:	69 83       	std	Y+1, r22	; 0x01
 22c:	0e 94 9a 00 	call	0x134	; 0x134 <turnOffPWM>
 230:	69 81       	ldd	r22, Y+1	; 0x01
 232:	e0 2f       	mov	r30, r16
 234:	f0 e0       	ldi	r31, 0x00	; 0
 236:	ee 0f       	add	r30, r30
 238:	ff 1f       	adc	r31, r31
 23a:	ec 55       	subi	r30, 0x5C	; 92
 23c:	ff 4f       	sbci	r31, 0xFF	; 255
 23e:	a5 91       	lpm	r26, Z+
 240:	b4 91       	lpm	r27, Z
 242:	9f b7       	in	r25, 0x3f	; 63
 244:	f8 94       	cli
 246:	8c 91       	ld	r24, X
 248:	61 11       	cpse	r22, r1
 24a:	03 c0       	rjmp	.+6      	; 0x252 <digitalWrite+0x5a>
 24c:	10 95       	com	r17
 24e:	81 23       	and	r24, r17
 250:	01 c0       	rjmp	.+2      	; 0x254 <digitalWrite+0x5c>
 252:	81 2b       	or	r24, r17
 254:	8c 93       	st	X, r24
 256:	9f bf       	out	0x3f, r25	; 63
 258:	0f 90       	pop	r0
 25a:	df 91       	pop	r29
 25c:	cf 91       	pop	r28
 25e:	1f 91       	pop	r17
 260:	0f 91       	pop	r16
 262:	08 95       	ret

00000264 <__vector_16>:
 264:	1f 92       	push	r1
 266:	0f 92       	push	r0
 268:	0f b6       	in	r0, 0x3f	; 63
 26a:	0f 92       	push	r0
 26c:	11 24       	eor	r1, r1
 26e:	2f 93       	push	r18
 270:	3f 93       	push	r19
 272:	8f 93       	push	r24
 274:	9f 93       	push	r25
 276:	af 93       	push	r26
 278:	bf 93       	push	r27
 27a:	80 91 03 01 	lds	r24, 0x0103
 27e:	90 91 04 01 	lds	r25, 0x0104
 282:	a0 91 05 01 	lds	r26, 0x0105
 286:	b0 91 06 01 	lds	r27, 0x0106
 28a:	30 91 02 01 	lds	r19, 0x0102
 28e:	23 e0       	ldi	r18, 0x03	; 3
 290:	23 0f       	add	r18, r19
 292:	2d 37       	cpi	r18, 0x7D	; 125
 294:	20 f4       	brcc	.+8      	; 0x29e <__vector_16+0x3a>
 296:	01 96       	adiw	r24, 0x01	; 1
 298:	a1 1d       	adc	r26, r1
 29a:	b1 1d       	adc	r27, r1
 29c:	05 c0       	rjmp	.+10     	; 0x2a8 <__vector_16+0x44>
 29e:	26 e8       	ldi	r18, 0x86	; 134
 2a0:	23 0f       	add	r18, r19
 2a2:	02 96       	adiw	r24, 0x02	; 2
 2a4:	a1 1d       	adc	r26, r1
 2a6:	b1 1d       	adc	r27, r1
 2a8:	20 93 02 01 	sts	0x0102, r18
 2ac:	80 93 03 01 	sts	0x0103, r24
 2b0:	90 93 04 01 	sts	0x0104, r25
 2b4:	a0 93 05 01 	sts	0x0105, r26
 2b8:	b0 93 06 01 	sts	0x0106, r27
 2bc:	80 91 07 01 	lds	r24, 0x0107
 2c0:	90 91 08 01 	lds	r25, 0x0108
 2c4:	a0 91 09 01 	lds	r26, 0x0109
 2c8:	b0 91 0a 01 	lds	r27, 0x010A
 2cc:	01 96       	adiw	r24, 0x01	; 1
 2ce:	a1 1d       	adc	r26, r1
 2d0:	b1 1d       	adc	r27, r1
 2d2:	80 93 07 01 	sts	0x0107, r24
 2d6:	90 93 08 01 	sts	0x0108, r25
 2da:	a0 93 09 01 	sts	0x0109, r26
 2de:	b0 93 0a 01 	sts	0x010A, r27
 2e2:	bf 91       	pop	r27
 2e4:	af 91       	pop	r26
 2e6:	9f 91       	pop	r25
 2e8:	8f 91       	pop	r24
 2ea:	3f 91       	pop	r19
 2ec:	2f 91       	pop	r18
 2ee:	0f 90       	pop	r0
 2f0:	0f be       	out	0x3f, r0	; 63
 2f2:	0f 90       	pop	r0
 2f4:	1f 90       	pop	r1
 2f6:	18 95       	reti

000002f8 <micros>:
 2f8:	3f b7       	in	r19, 0x3f	; 63
 2fa:	f8 94       	cli
 2fc:	80 91 07 01 	lds	r24, 0x0107
 300:	90 91 08 01 	lds	r25, 0x0108
 304:	a0 91 09 01 	lds	r26, 0x0109
 308:	b0 91 0a 01 	lds	r27, 0x010A
 30c:	26 b5       	in	r18, 0x26	; 38
 30e:	a8 9b       	sbis	0x15, 0	; 21
 310:	05 c0       	rjmp	.+10     	; 0x31c <micros+0x24>
 312:	2f 3f       	cpi	r18, 0xFF	; 255
 314:	19 f0       	breq	.+6      	; 0x31c <micros+0x24>
 316:	01 96       	adiw	r24, 0x01	; 1
 318:	a1 1d       	adc	r26, r1
 31a:	b1 1d       	adc	r27, r1
 31c:	3f bf       	out	0x3f, r19	; 63
 31e:	66 27       	eor	r22, r22
 320:	78 2f       	mov	r23, r24
 322:	89 2f       	mov	r24, r25
 324:	9a 2f       	mov	r25, r26
 326:	62 0f       	add	r22, r18
 328:	71 1d       	adc	r23, r1
 32a:	81 1d       	adc	r24, r1
 32c:	91 1d       	adc	r25, r1
 32e:	42 e0       	ldi	r20, 0x02	; 2
 330:	66 0f       	add	r22, r22
 332:	77 1f       	adc	r23, r23
 334:	88 1f       	adc	r24, r24
 336:	99 1f       	adc	r25, r25
 338:	4a 95       	dec	r20
 33a:	d1 f7       	brne	.-12     	; 0x330 <micros+0x38>
 33c:	08 95       	ret

0000033e <delay>:
 33e:	cf 92       	push	r12
 340:	df 92       	push	r13
 342:	ef 92       	push	r14
 344:	ff 92       	push	r15
 346:	cf 93       	push	r28
 348:	df 93       	push	r29
 34a:	6b 01       	movw	r12, r22
 34c:	7c 01       	movw	r14, r24
 34e:	0e 94 7c 01 	call	0x2f8	; 0x2f8 <micros>
 352:	eb 01       	movw	r28, r22
 354:	c1 14       	cp	r12, r1
 356:	d1 04       	cpc	r13, r1
 358:	e1 04       	cpc	r14, r1
 35a:	f1 04       	cpc	r15, r1
 35c:	89 f0       	breq	.+34     	; 0x380 <delay+0x42>
 35e:	0e 94 12 02 	call	0x424	; 0x424 <yield>
 362:	0e 94 7c 01 	call	0x2f8	; 0x2f8 <micros>
 366:	6c 1b       	sub	r22, r28
 368:	7d 0b       	sbc	r23, r29
 36a:	68 3e       	cpi	r22, 0xE8	; 232
 36c:	73 40       	sbci	r23, 0x03	; 3
 36e:	90 f3       	brcs	.-28     	; 0x354 <delay+0x16>
 370:	81 e0       	ldi	r24, 0x01	; 1
 372:	c8 1a       	sub	r12, r24
 374:	d1 08       	sbc	r13, r1
 376:	e1 08       	sbc	r14, r1
 378:	f1 08       	sbc	r15, r1
 37a:	c8 51       	subi	r28, 0x18	; 24
 37c:	dc 4f       	sbci	r29, 0xFC	; 252
 37e:	ea cf       	rjmp	.-44     	; 0x354 <delay+0x16>
 380:	df 91       	pop	r29
 382:	cf 91       	pop	r28
 384:	ff 90       	pop	r15
 386:	ef 90       	pop	r14
 388:	df 90       	pop	r13
 38a:	cf 90       	pop	r12
 38c:	08 95       	ret

0000038e <init>:
 38e:	78 94       	sei
 390:	84 b5       	in	r24, 0x24	; 36
 392:	82 60       	ori	r24, 0x02	; 2
 394:	84 bd       	out	0x24, r24	; 36
 396:	84 b5       	in	r24, 0x24	; 36
 398:	81 60       	ori	r24, 0x01	; 1
 39a:	84 bd       	out	0x24, r24	; 36
 39c:	85 b5       	in	r24, 0x25	; 37
 39e:	82 60       	ori	r24, 0x02	; 2
 3a0:	85 bd       	out	0x25, r24	; 37
 3a2:	85 b5       	in	r24, 0x25	; 37
 3a4:	81 60       	ori	r24, 0x01	; 1
 3a6:	85 bd       	out	0x25, r24	; 37
 3a8:	ee e6       	ldi	r30, 0x6E	; 110
 3aa:	f0 e0       	ldi	r31, 0x00	; 0
 3ac:	80 81       	ld	r24, Z
 3ae:	81 60       	ori	r24, 0x01	; 1
 3b0:	80 83       	st	Z, r24
 3b2:	e1 e8       	ldi	r30, 0x81	; 129
 3b4:	f0 e0       	ldi	r31, 0x00	; 0
 3b6:	10 82       	st	Z, r1
 3b8:	80 81       	ld	r24, Z
 3ba:	82 60       	ori	r24, 0x02	; 2
 3bc:	80 83       	st	Z, r24
 3be:	80 81       	ld	r24, Z
 3c0:	81 60       	ori	r24, 0x01	; 1
 3c2:	80 83       	st	Z, r24
 3c4:	e0 e8       	ldi	r30, 0x80	; 128
 3c6:	f0 e0       	ldi	r31, 0x00	; 0
 3c8:	80 81       	ld	r24, Z
 3ca:	81 60       	ori	r24, 0x01	; 1
 3cc:	80 83       	st	Z, r24
 3ce:	e1 eb       	ldi	r30, 0xB1	; 177
 3d0:	f0 e0       	ldi	r31, 0x00	; 0
 3d2:	80 81       	ld	r24, Z
 3d4:	84 60       	ori	r24, 0x04	; 4
 3d6:	80 83       	st	Z, r24
 3d8:	e0 eb       	ldi	r30, 0xB0	; 176
 3da:	f0 e0       	ldi	r31, 0x00	; 0
 3dc:	80 81       	ld	r24, Z
 3de:	81 60       	ori	r24, 0x01	; 1
 3e0:	80 83       	st	Z, r24
 3e2:	ea e7       	ldi	r30, 0x7A	; 122
 3e4:	f0 e0       	ldi	r31, 0x00	; 0
 3e6:	80 81       	ld	r24, Z
 3e8:	84 60       	ori	r24, 0x04	; 4
 3ea:	80 83       	st	Z, r24
 3ec:	80 81       	ld	r24, Z
 3ee:	82 60       	ori	r24, 0x02	; 2
 3f0:	80 83       	st	Z, r24
 3f2:	80 81       	ld	r24, Z
 3f4:	81 60       	ori	r24, 0x01	; 1
 3f6:	80 83       	st	Z, r24
 3f8:	80 81       	ld	r24, Z
 3fa:	80 68       	ori	r24, 0x80	; 128
 3fc:	80 83       	st	Z, r24
 3fe:	10 92 c1 00 	sts	0x00C1, r1
 402:	08 95       	ret

00000404 <initVariant>:
 404:	08 95       	ret

00000406 <main>:
 406:	0e 94 c7 01 	call	0x38e	; 0x38e <init>
 40a:	0e 94 02 02 	call	0x404	; 0x404 <initVariant>
 40e:	0e 94 7b 00 	call	0xf6	; 0xf6 <setup>
 412:	c0 e0       	ldi	r28, 0x00	; 0
 414:	d0 e0       	ldi	r29, 0x00	; 0
 416:	0e 94 80 00 	call	0x100	; 0x100 <loop>
 41a:	20 97       	sbiw	r28, 0x00	; 0
 41c:	e1 f3       	breq	.-8      	; 0x416 <main+0x10>
 41e:	0e 94 00 00 	call	0	; 0x0 <__vectors>
 422:	f9 cf       	rjmp	.-14     	; 0x416 <main+0x10>

00000424 <yield>:
 424:	08 95       	ret

00000426 <_exit>:
 426:	f8 94       	cli

00000428 <__stop_program>:
 428:	ff cf       	rjmp	.-2      	; 0x428 <__stop_program>
